Command line invocation:
    /Applications/Xcode.app/Contents/Developer/usr/bin/xcodebuild -project Prune/Prune.xcodeproj -scheme Prune -destination generic/platform=iOS build

Resolve Package Graph


Resolved source packages:
  RevenueCat: https://github.com/RevenueCat/purchases-ios-spm.git @ 5.54.0

ComputePackagePrebuildTargetDependencyGraph

Prepare packages

CreateBuildRequest

SendProjectDescription

CreateBuildOperation

ComputeTargetDependencyGraph
note: Building targets in dependency order
note: Target dependency graph (7 targets)
    Target 'Prune' in project 'Prune'
        ➜ Explicit dependency on target 'RevenueCatUI' in project 'RevenueCat'
        ➜ Explicit dependency on target 'RevenueCat' in project 'RevenueCat'
    Target 'RevenueCat' in project 'RevenueCat'
        ➜ Explicit dependency on target 'RevenueCat' in project 'RevenueCat'
        ➜ Explicit dependency on target 'RevenueCat_RevenueCat' in project 'RevenueCat'
    Target 'RevenueCatUI' in project 'RevenueCat'
        ➜ Explicit dependency on target 'RevenueCatUI' in project 'RevenueCat'
        ➜ Explicit dependency on target 'RevenueCat_RevenueCatUI' in project 'RevenueCat'
        ➜ Explicit dependency on target 'RevenueCat' in project 'RevenueCat'
    Target 'RevenueCatUI' in project 'RevenueCat'
        ➜ Explicit dependency on target 'RevenueCat_RevenueCatUI' in project 'RevenueCat'
        ➜ Explicit dependency on target 'RevenueCat' in project 'RevenueCat'
    Target 'RevenueCat' in project 'RevenueCat'
        ➜ Explicit dependency on target 'RevenueCat_RevenueCat' in project 'RevenueCat'
    Target 'RevenueCat_RevenueCat' in project 'RevenueCat' (no dependencies)
    Target 'RevenueCat_RevenueCatUI' in project 'RevenueCat' (no dependencies)

GatherProvisioningInputs

CreateBuildDescription

ExecuteExternalTool /Applications/Xcode.app/Contents/Developer/Toolchains/XcodeDefault.xctoolchain/usr/bin/clang -v -E -dM -isysroot /Applications/Xcode.app/Contents/Developer/Platforms/iPhoneOS.platform/Developer/SDKs/iPhoneOS26.1.sdk -x c -c /dev/null

ExecuteExternalTool /Applications/Xcode.app/Contents/Developer/usr/bin/actool --print-asset-tag-combinations --output-format xml1 /Users/victor/Documents/Dev/Photo Swiping App/Prune/Prune/Assets.xcassets

ExecuteExternalTool /Applications/Xcode.app/Contents/Developer/usr/bin/actool --version --output-format xml1

ExecuteExternalTool /Applications/Xcode.app/Contents/Developer/Toolchains/XcodeDefault.xctoolchain/usr/bin/swiftc --version

ExecuteExternalTool /Applications/Xcode.app/Contents/Developer/Toolchains/XcodeDefault.xctoolchain/usr/bin/ld -version_details

ReadFileContents /Applications/Xcode.app/Contents/Developer/Toolchains/XcodeDefault.xctoolchain/usr/share/docc/features.json

Build description signature: 5d553d32e51e18344980a29e16803112
Build description path: /Users/victor/Library/Developer/Xcode/DerivedData/Prune-gfseusqpfpgnvwgqfcdramosyrme/Build/Intermediates.noindex/XCBuildData/5d553d32e51e18344980a29e16803112.xcbuilddata
ClangStatCache /Applications/Xcode.app/Contents/Developer/Toolchains/XcodeDefault.xctoolchain/usr/bin/clang-stat-cache /Applications/Xcode.app/Contents/Developer/Platforms/iPhoneOS.platform/Developer/SDKs/iPhoneOS26.1.sdk /Users/victor/Library/Developer/Xcode/DerivedData/SDKStatCaches.noindex/iphoneos26.1-23B77-69b33fc7382b27d9b5d46e82a00f8e78.sdkstatcache
    cd /Users/victor/Documents/Dev/Photo\ Swiping\ App/Prune/Prune.xcodeproj
    /Applications/Xcode.app/Contents/Developer/Toolchains/XcodeDefault.xctoolchain/usr/bin/clang-stat-cache /Applications/Xcode.app/Contents/Developer/Platforms/iPhoneOS.platform/Developer/SDKs/iPhoneOS26.1.sdk -o /Users/victor/Library/Developer/Xcode/DerivedData/SDKStatCaches.noindex/iphoneos26.1-23B77-69b33fc7382b27d9b5d46e82a00f8e78.sdkstatcache

ProcessInfoPlistFile /Users/victor/Library/Developer/Xcode/DerivedData/Prune-gfseusqpfpgnvwgqfcdramosyrme/Build/Products/Debug-iphoneos/RevenueCat_RevenueCat.bundle/Info.plist /Users/victor/Library/Developer/Xcode/DerivedData/Prune-gfseusqpfpgnvwgqfcdramosyrme/Build/Intermediates.noindex/RevenueCat.build/Debug-iphoneos/RevenueCat_RevenueCat.build/empty-RevenueCat_RevenueCat.plist (in target 'RevenueCat_RevenueCat' from project 'RevenueCat')
    cd /Users/victor/Library/Developer/Xcode/DerivedData/Prune-gfseusqpfpgnvwgqfcdramosyrme/SourcePackages/checkouts/purchases-ios-spm
    builtin-infoPlistUtility /Users/victor/Library/Developer/Xcode/DerivedData/Prune-gfseusqpfpgnvwgqfcdramosyrme/Build/Intermediates.noindex/RevenueCat.build/Debug-iphoneos/RevenueCat_RevenueCat.build/empty-RevenueCat_RevenueCat.plist -producttype com.apple.product-type.bundle -expandbuildsettings -format binary -platform iphoneos -requiredArchitecture arm64 -o /Users/victor/Library/Developer/Xcode/DerivedData/Prune-gfseusqpfpgnvwgqfcdramosyrme/Build/Products/Debug-iphoneos/RevenueCat_RevenueCat.bundle/Info.plist

ProcessInfoPlistFile /Users/victor/Library/Developer/Xcode/DerivedData/Prune-gfseusqpfpgnvwgqfcdramosyrme/Build/Products/Debug-iphoneos/RevenueCat_RevenueCatUI.bundle/Info.plist /Users/victor/Library/Developer/Xcode/DerivedData/Prune-gfseusqpfpgnvwgqfcdramosyrme/Build/Intermediates.noindex/RevenueCat.build/Debug-iphoneos/RevenueCat_RevenueCatUI.build/empty-RevenueCat_RevenueCatUI.plist (in target 'RevenueCat_RevenueCatUI' from project 'RevenueCat')
    cd /Users/victor/Library/Developer/Xcode/DerivedData/Prune-gfseusqpfpgnvwgqfcdramosyrme/SourcePackages/checkouts/purchases-ios-spm
    builtin-infoPlistUtility /Users/victor/Library/Developer/Xcode/DerivedData/Prune-gfseusqpfpgnvwgqfcdramosyrme/Build/Intermediates.noindex/RevenueCat.build/Debug-iphoneos/RevenueCat_RevenueCatUI.build/empty-RevenueCat_RevenueCatUI.plist -producttype com.apple.product-type.bundle -expandbuildsettings -format binary -platform iphoneos -additionalcontentfile /Users/victor/Library/Developer/Xcode/DerivedData/Prune-gfseusqpfpgnvwgqfcdramosyrme/Build/Intermediates.noindex/RevenueCat.build/Debug-iphoneos/RevenueCat_RevenueCatUI.build/assetcatalog_generated_info.plist -requiredArchitecture arm64 -o /Users/victor/Library/Developer/Xcode/DerivedData/Prune-gfseusqpfpgnvwgqfcdramosyrme/Build/Products/Debug-iphoneos/RevenueCat_RevenueCatUI.bundle/Info.plist

SwiftDriver RevenueCatUI normal arm64 com.apple.xcode.tools.swift.compiler (in target 'RevenueCatUI' from project 'RevenueCat')
    cd /Users/victor/Documents/Dev/Photo\ Swiping\ App/Prune/Prune.xcodeproj
    builtin-SwiftDriver -- /Applications/Xcode.app/Contents/Developer/Toolchains/XcodeDefault.xctoolchain/usr/bin/swiftc -module-name RevenueCatUI -Onone -enforce-exclusivity\=checked @/Users/victor/Library/Developer/Xcode/DerivedData/Prune-gfseusqpfpgnvwgqfcdramosyrme/Build/Intermediates.noindex/RevenueCat.build/Debug-iphoneos/RevenueCatUI.build/Objects-normal/arm64/RevenueCatUI.SwiftFileList -DSWIFT_PACKAGE -DDEBUG -DSWIFT_MODULE_RESOURCE_BUNDLE_AVAILABLE -DXcode -plugin-path /Applications/Xcode.app/Contents/Developer/Toolchains/XcodeDefault.xctoolchain/usr/lib/swift/host/plugins/testing -enable-experimental-feature DebugDescriptionMacro -sdk /Applications/Xcode.app/Contents/Developer/Platforms/iPhoneOS.platform/Developer/SDKs/iPhoneOS26.1.sdk -target arm64-apple-ios13.0 -g -module-cache-path /Users/victor/Library/Developer/Xcode/DerivedData/ModuleCache.noindex -Xfrontend -serialize-debugging-options -enable-testing -suppress-warnings -index-store-path /Users/victor/Library/Developer/Xcode/DerivedData/Prune-gfseusqpfpgnvwgqfcdramosyrme/Index.noindex/DataStore -Xcc -D_LIBCPP_HARDENING_MODE\=_LIBCPP_HARDENING_MODE_DEBUG -swift-version 5 -I /Users/victor/Library/Developer/Xcode/DerivedData/Prune-gfseusqpfpgnvwgqfcdramosyrme/Build/Products/Debug-iphoneos -Isystem /Applications/Xcode.app/Contents/Developer/Platforms/iPhoneOS.platform/Developer/usr/lib -F /Users/victor/Library/Developer/Xcode/DerivedData/Prune-gfseusqpfpgnvwgqfcdramosyrme/Build/Products/Debug-iphoneos/PackageFrameworks -F /Users/victor/Library/Developer/Xcode/DerivedData/Prune-gfseusqpfpgnvwgqfcdramosyrme/Build/Products/Debug-iphoneos -F /Applications/Xcode.app/Contents/Developer/Platforms/iPhoneOS.platform/Developer/Library/Frameworks -F /Applications/Xcode.app/Contents/Developer/Platforms/iPhoneOS.platform/Developer/SDKs/iPhoneOS26.1.sdk/Developer/Library/Frameworks -emit-localized-strings -emit-localized-strings-path /Users/victor/Library/Developer/Xcode/DerivedData/Prune-gfseusqpfpgnvwgqfcdramosyrme/Build/Intermediates.noindex/RevenueCat.build/Debug-iphoneos/RevenueCatUI.build/Objects-normal/arm64 -c -j8 -enable-batch-mode -incremental -Xcc -ivfsstatcache -Xcc /Users/victor/Library/Developer/Xcode/DerivedData/SDKStatCaches.noindex/iphoneos26.1-23B77-69b33fc7382b27d9b5d46e82a00f8e78.sdkstatcache -output-file-map /Users/victor/Library/Developer/Xcode/DerivedData/Prune-gfseusqpfpgnvwgqfcdramosyrme/Build/Intermediates.noindex/RevenueCat.build/Debug-iphoneos/RevenueCatUI.build/Objects-normal/arm64/RevenueCatUI-OutputFileMap.json -use-frontend-parseable-output -save-temps -no-color-diagnostics -explicit-module-build -module-cache-path /Users/victor/Library/Developer/Xcode/DerivedData/Prune-gfseusqpfpgnvwgqfcdramosyrme/Build/Intermediates.noindex/SwiftExplicitPrecompiledModules -clang-scanner-module-cache-path /Users/victor/Library/Developer/Xcode/DerivedData/ModuleCache.noindex -sdk-module-cache-path /Users/victor/Library/Developer/Xcode/DerivedData/ModuleCache.noindex -serialize-diagnostics -emit-dependencies -emit-module -emit-module-path /Users/victor/Library/Developer/Xcode/DerivedData/Prune-gfseusqpfpgnvwgqfcdramosyrme/Build/Intermediates.noindex/RevenueCat.build/Debug-iphoneos/RevenueCatUI.build/Objects-normal/arm64/RevenueCatUI.swiftmodule -validate-clang-modules-once -clang-build-session-file /Users/victor/Library/Developer/Xcode/DerivedData/ModuleCache.noindex/Session.modulevalidation -package-name purchases_ios_spm -Xcc -I/Users/victor/Library/Developer/Xcode/DerivedData/Prune-gfseusqpfpgnvwgqfcdramosyrme/Build/Intermediates.noindex/RevenueCat.build/Debug-iphoneos/RevenueCatUI.build/swift-overrides.hmap -emit-const-values -Xfrontend -const-gather-protocols-file -Xfrontend /Users/victor/Library/Developer/Xcode/DerivedData/Prune-gfseusqpfpgnvwgqfcdramosyrme/Build/Intermediates.noindex/RevenueCat.build/Debug-iphoneos/RevenueCatUI.build/Objects-normal/arm64/RevenueCatUI_const_extract_protocols.json -Xcc -I/Users/victor/Library/Developer/Xcode/DerivedData/Prune-gfseusqpfpgnvwgqfcdramosyrme/Build/Products/Debug-iphoneos/include -Xcc -I/Users/victor/Library/Developer/Xcode/DerivedData/Prune-gfseusqpfpgnvwgqfcdramosyrme/Build/Intermediates.noindex/RevenueCat.build/Debug-iphoneos/RevenueCatUI.build/DerivedSources-normal/arm64 -Xcc -I/Users/victor/Library/Developer/Xcode/DerivedData/Prune-gfseusqpfpgnvwgqfcdramosyrme/Build/Intermediates.noindex/RevenueCat.build/Debug-iphoneos/RevenueCatUI.build/DerivedSources/arm64 -Xcc -I/Users/victor/Library/Developer/Xcode/DerivedData/Prune-gfseusqpfpgnvwgqfcdramosyrme/Build/Intermediates.noindex/RevenueCat.build/Debug-iphoneos/RevenueCatUI.build/DerivedSources -Xcc -DSWIFT_PACKAGE -Xcc -DDEBUG\=1 -emit-objc-header -emit-objc-header-path /Users/victor/Library/Developer/Xcode/DerivedData/Prune-gfseusqpfpgnvwgqfcdramosyrme/Build/Intermediates.noindex/RevenueCat.build/Debug-iphoneos/RevenueCatUI.build/Objects-normal/arm64/RevenueCatUI-Swift.h -working-directory /Users/victor/Documents/Dev/Photo\ Swiping\ App/Prune/Prune.xcodeproj -experimental-emit-module-separately -disable-cmo
/Users/victor/Documents/Dev/Photo Swiping App/Prune/Prune/App/PruneApp.swift:4:8: error: Unable to find module dependency: 'GoogleMobileAds'
import GoogleMobileAds
       ^
/Users/victor/Documents/Dev/Photo Swiping App/Prune/Prune/App/PruneApp.swift:4:8: note: a dependency of main module 'Prune'
import GoogleMobileAds
       ^
/Users/victor/Documents/Dev/Photo Swiping App/Prune/Prune/Services/AdMobService.swift:2:8: note: also imported here
import GoogleMobileAds
       ^
/Users/victor/Documents/Dev/Photo Swiping App/Prune/Prune/ViewModels/SwipeViewModel.swift:1:8: note: also imported here
import GoogleMobileAds
       ^
/Users/victor/Documents/Dev/Photo Swiping App/Prune/Prune/Views/Swipe/AdCard.swift:1:8: note: also imported here
import GoogleMobileAds
       ^

ProcessProductPackaging "" /Users/victor/Library/Developer/Xcode/DerivedData/Prune-gfseusqpfpgnvwgqfcdramosyrme/Build/Intermediates.noindex/Prune.build/Debug-iphoneos/Prune.build/Prune.app.xcent (in target 'Prune' from project 'Prune')
    cd /Users/victor/Documents/Dev/Photo\ Swiping\ App/Prune
    
    Entitlements:
    
    {
    "application-identifier" = "CAYXPWAU93.com.isotropicstudios.Prune";
    "com.apple.developer.team-identifier" = CAYXPWAU93;
    "get-task-allow" = 1;
}
    
    builtin-productPackagingUtility -entitlements -format xml -o /Users/victor/Library/Developer/Xcode/DerivedData/Prune-gfseusqpfpgnvwgqfcdramosyrme/Build/Intermediates.noindex/Prune.build/Debug-iphoneos/Prune.build/Prune.app.xcent

ProcessProductPackagingDER /Users/victor/Library/Developer/Xcode/DerivedData/Prune-gfseusqpfpgnvwgqfcdramosyrme/Build/Intermediates.noindex/Prune.build/Debug-iphoneos/Prune.build/Prune.app.xcent /Users/victor/Library/Developer/Xcode/DerivedData/Prune-gfseusqpfpgnvwgqfcdramosyrme/Build/Intermediates.noindex/Prune.build/Debug-iphoneos/Prune.build/Prune.app.xcent.der (in target 'Prune' from project 'Prune')
    cd /Users/victor/Documents/Dev/Photo\ Swiping\ App/Prune
    /usr/bin/derq query -f xml -i /Users/victor/Library/Developer/Xcode/DerivedData/Prune-gfseusqpfpgnvwgqfcdramosyrme/Build/Intermediates.noindex/Prune.build/Debug-iphoneos/Prune.build/Prune.app.xcent -o /Users/victor/Library/Developer/Xcode/DerivedData/Prune-gfseusqpfpgnvwgqfcdramosyrme/Build/Intermediates.noindex/Prune.build/Debug-iphoneos/Prune.build/Prune.app.xcent.der --raw

SwiftDriver Prune normal arm64 com.apple.xcode.tools.swift.compiler (in target 'Prune' from project 'Prune')
    cd /Users/victor/Documents/Dev/Photo\ Swiping\ App/Prune
    builtin-SwiftDriver -- /Applications/Xcode.app/Contents/Developer/Toolchains/XcodeDefault.xctoolchain/usr/bin/swiftc -module-name Prune -Onone -enforce-exclusivity\=checked @/Users/victor/Library/Developer/Xcode/DerivedData/Prune-gfseusqpfpgnvwgqfcdramosyrme/Build/Intermediates.noindex/Prune.build/Debug-iphoneos/Prune.build/Objects-normal/arm64/Prune.SwiftFileList -DDEBUG -default-isolation\=MainActor -enable-bare-slash-regex -enable-upcoming-feature DisableOutwardActorInference -enable-upcoming-feature InferSendableFromCaptures -enable-upcoming-feature GlobalActorIsolatedTypesUsability -enable-upcoming-feature MemberImportVisibility -enable-upcoming-feature InferIsolatedConformances -enable-upcoming-feature NonisolatedNonsendingByDefault -enable-experimental-feature DebugDescriptionMacro -sdk /Applications/Xcode.app/Contents/Developer/Platforms/iPhoneOS.platform/Developer/SDKs/iPhoneOS26.1.sdk -target arm64-apple-ios26.1 -g -module-cache-path /Users/victor/Library/Developer/Xcode/DerivedData/ModuleCache.noindex -Xfrontend -serialize-debugging-options -enable-testing -index-store-path /Users/victor/Library/Developer/Xcode/DerivedData/Prune-gfseusqpfpgnvwgqfcdramosyrme/Index.noindex/DataStore -Xcc -D_LIBCPP_HARDENING_MODE\=_LIBCPP_HARDENING_MODE_DEBUG -swift-version 5 -I /Users/victor/Library/Developer/Xcode/DerivedData/Prune-gfseusqpfpgnvwgqfcdramosyrme/Build/Products/Debug-iphoneos -F /Users/victor/Library/Developer/Xcode/DerivedData/Prune-gfseusqpfpgnvwgqfcdramosyrme/Build/Products/Debug-iphoneos/PackageFrameworks -F /Users/victor/Library/Developer/Xcode/DerivedData/Prune-gfseusqpfpgnvwgqfcdramosyrme/Build/Products/Debug-iphoneos/PackageFrameworks -F /Users/victor/Library/Developer/Xcode/DerivedData/Prune-gfseusqpfpgnvwgqfcdramosyrme/Build/Products/Debug-iphoneos -emit-localized-strings -emit-localized-strings-path /Users/victor/Library/Developer/Xcode/DerivedData/Prune-gfseusqpfpgnvwgqfcdramosyrme/Build/Intermediates.noindex/Prune.build/Debug-iphoneos/Prune.build/Objects-normal/arm64 -c -j8 -enable-batch-mode -incremental -Xcc -ivfsstatcache -Xcc /Users/victor/Library/Developer/Xcode/DerivedData/SDKStatCaches.noindex/iphoneos26.1-23B77-69b33fc7382b27d9b5d46e82a00f8e78.sdkstatcache -output-file-map /Users/victor/Library/Developer/Xcode/DerivedData/Prune-gfseusqpfpgnvwgqfcdramosyrme/Build/Intermediates.noindex/Prune.build/Debug-iphoneos/Prune.build/Objects-normal/arm64/Prune-OutputFileMap.json -use-frontend-parseable-output -save-temps -no-color-diagnostics -explicit-module-build -module-cache-path /Users/victor/Library/Developer/Xcode/DerivedData/Prune-gfseusqpfpgnvwgqfcdramosyrme/Build/Intermediates.noindex/SwiftExplicitPrecompiledModules -clang-scanner-module-cache-path /Users/victor/Library/Developer/Xcode/DerivedData/ModuleCache.noindex -sdk-module-cache-path /Users/victor/Library/Developer/Xcode/DerivedData/ModuleCache.noindex -serialize-diagnostics -emit-dependencies -emit-module -emit-module-path /Users/victor/Library/Developer/Xcode/DerivedData/Prune-gfseusqpfpgnvwgqfcdramosyrme/Build/Intermediates.noindex/Prune.build/Debug-iphoneos/Prune.build/Objects-normal/arm64/Prune.swiftmodule -validate-clang-modules-once -clang-build-session-file /Users/victor/Library/Developer/Xcode/DerivedData/ModuleCache.noindex/Session.modulevalidation -Xcc -I/Users/victor/Library/Developer/Xcode/DerivedData/Prune-gfseusqpfpgnvwgqfcdramosyrme/Build/Intermediates.noindex/Prune.build/Debug-iphoneos/Prune.build/swift-overrides.hmap -emit-const-values -Xfrontend -const-gather-protocols-file -Xfrontend /Users/victor/Library/Developer/Xcode/DerivedData/Prune-gfseusqpfpgnvwgqfcdramosyrme/Build/Intermediates.noindex/Prune.build/Debug-iphoneos/Prune.build/Objects-normal/arm64/Prune_const_extract_protocols.json -Xcc -iquote -Xcc /Users/victor/Library/Developer/Xcode/DerivedData/Prune-gfseusqpfpgnvwgqfcdramosyrme/Build/Intermediates.noindex/Prune.build/Debug-iphoneos/Prune.build/Prune-generated-files.hmap -Xcc -I/Users/victor/Library/Developer/Xcode/DerivedData/Prune-gfseusqpfpgnvwgqfcdramosyrme/Build/Intermediates.noindex/Prune.build/Debug-iphoneos/Prune.build/Prune-own-target-headers.hmap -Xcc -I/Users/victor/Library/Developer/Xcode/DerivedData/Prune-gfseusqpfpgnvwgqfcdramosyrme/Build/Intermediates.noindex/Prune.build/Debug-iphoneos/Prune.build/Prune-all-non-framework-target-headers.hmap -Xcc -ivfsoverlay -Xcc /Users/victor/Library/Developer/Xcode/DerivedData/Prune-gfseusqpfpgnvwgqfcdramosyrme/Build/Intermediates.noindex/Prune.build/Debug-iphoneos/Prune-644fbb8f46d5598a6b6d0a16fd79c929-VFS-iphoneos/all-product-headers.yaml -Xcc -iquote -Xcc /Users/victor/Library/Developer/Xcode/DerivedData/Prune-gfseusqpfpgnvwgqfcdramosyrme/Build/Intermediates.noindex/Prune.build/Debug-iphoneos/Prune.build/Prune-project-headers.hmap -Xcc -I/Users/victor/Library/Developer/Xcode/DerivedData/Prune-gfseusqpfpgnvwgqfcdramosyrme/Build/Products/Debug-iphoneos/include -Xcc -I/Users/victor/Library/Developer/Xcode/DerivedData/Prune-gfseusqpfpgnvwgqfcdramosyrme/Build/Intermediates.noindex/Prune.build/Debug-iphoneos/Prune.build/DerivedSources-normal/arm64 -Xcc -I/Users/victor/Library/Developer/Xcode/DerivedData/Prune-gfseusqpfpgnvwgqfcdramosyrme/Build/Intermediates.noindex/Prune.build/Debug-iphoneos/Prune.build/DerivedSources/arm64 -Xcc -I/Users/victor/Library/Developer/Xcode/DerivedData/Prune-gfseusqpfpgnvwgqfcdramosyrme/Build/Intermediates.noindex/Prune.build/Debug-iphoneos/Prune.build/DerivedSources -Xcc -DDEBUG\=1 -emit-objc-header -emit-objc-header-path /Users/victor/Library/Developer/Xcode/DerivedData/Prune-gfseusqpfpgnvwgqfcdramosyrme/Build/Intermediates.noindex/Prune.build/Debug-iphoneos/Prune.build/Objects-normal/arm64/Prune-Swift.h -working-directory /Users/victor/Documents/Dev/Photo\ Swiping\ App/Prune -experimental-emit-module-separately -disable-cmo
/Users/victor/Documents/Dev/Photo Swiping App/Prune/Prune/App/PruneApp.swift:4:8: error: Unable to find module dependency: 'GoogleMobileAds'
import GoogleMobileAds
       ^ (in target 'Prune' from project 'Prune')
/Users/victor/Documents/Dev/Photo Swiping App/Prune/Prune/App/PruneApp.swift:4:8: note: A dependency of main module 'Prune'
import GoogleMobileAds
       ^ (in target 'Prune' from project 'Prune')
/Users/victor/Documents/Dev/Photo Swiping App/Prune/Prune/Services/AdMobService.swift:2:8: note: Also imported here
import GoogleMobileAds
       ^ (in target 'Prune' from project 'Prune')
/Users/victor/Documents/Dev/Photo Swiping App/Prune/Prune/ViewModels/SwipeViewModel.swift:1:8: note: Also imported here
import GoogleMobileAds
       ^ (in target 'Prune' from project 'Prune')
/Users/victor/Documents/Dev/Photo Swiping App/Prune/Prune/Views/Swipe/AdCard.swift:1:8: note: Also imported here
import GoogleMobileAds
       ^ (in target 'Prune' from project 'Prune')

** BUILD FAILED **


The following build commands failed:
	SwiftDriver Prune normal arm64 com.apple.xcode.tools.swift.compiler (in target 'Prune' from project 'Prune')
	Building project Prune with scheme Prune
(2 failures)
